[    0.00000] Lnu versin .15.-4-generic(buildd@w01-am64-01) (gcc erion 7..0(Ubunt7.3.0-16butu3) #0-Ubuntu SMP Wed Mar 3 104452 UC 019 (Ubunu .15.0-4750genic 4.15.18)
[    0.000000] Command line: BOOT_IMAGE=/boot/vmlinuz-4.15.0-47-generic root=LABEL=cloudimg-rootfs ro console=tty1 console=ttyS0
[    0.000000] KERNEL supported cpus:
[    0.000000]   Intel GenuineIntel
[    0.000000]   AMD AuthenticAMD
[    0.000000]   Centaur CentaurHauls
[    0.000000] x86/fpu: Supporting XSAVE feature 0x001: 'x87 floating point registers'
[    0.000000] x86/fpu: Supporting XSAVE feature 0x002: 'SSE registers'
[    0.000000] 86/fpu: Supporting XSAVE feaur 0x004: 'AVX registes'
[    0.000000]x86/fpu: xtateofset[]: 576, xsta_sizes2]  25
    0.0000] x86/fpu Enale xstat faturs x7, ntext iz is 82 ytes, sig 'sndard' format.
[    0.000000] e820: BIOS-provided physical RAM map:
[    0.000000] BIOS-e820: [mem 0x0000000000000000-0x000000000009fbff] usable
[    0.000000] BIOS-e820: [mem 0x000000000009fc00-0x000000000009ffff] reserved
[    0.000000] BIOS-e820: [mem 0x0000000000f00-0x0000000000fffff]reerved
   0.000000] BS-e820 [mem 0x0000000010000-0x0000007fffff] uabe
[    0.00000]BIOS-e820: [mem 0x00000007fff00-0x0000007fffff] CP dat
    .00000BIOS-e820: [mem 0x0000000fec00000-0x00000000fec00fff] reserved
[    0.000000] BIOS-e820: [mem 0x00000000fee00000-0x00000000fee00fff] reserved
[    0.000000] BIOS-e820: [mem 0x00000000fffc0000-0x00000000ffffffff] reserved
[    0.000000] NX (Execute Disable) protection: active
[    0.000000] SMBIOS 2.5 present.
[    0.000000] DMI: innotek GmbH VirtualBox/VirtualBox, BIOS VirtualBox 12/01/2006
[    0.000000] Hypervisor detected: KVM
[    0.000000] e820: last_pfn = 0x7fff0 max_arch_pfn = 0x400000000
[    0.000000] MTRR: Disabled
[    0.000000] x86/PAT: MTRRs disabled, skipping PAT initialization to.
[  0.00000] PU MTRRs al blan - virtualzed ysem.
[  0.0000] x86PA: Confguatio [-7]:WB WT  C-UC  WB  W  UC- C 
[    000000] und SM M-tableat[mem 0x0009fff0x0009ffff] mappe a [        (ptrval)]
[   0.0000] caning 1 aea for low memry corruption
[    0.0000] RAMDISK: [mem 0x35ad000-0x36d66fff]
[   0.00000]ACPI: Ealytable cheksum vriicttiondiabled
[  0.000000] ACPI: RSDP 0x00000000000E00 000024 (v0VBOX  
    0.00000] ACPI: XSDT 0x000000007FFF0030 00003C (v01 VBOX   VBOXXSDT 0000001 ASL  00000061)
[    0.000000] ACPI: FACP 0x000000007FFF00F0 0000F4 (v04 VBOX   VBOXFACP 00000001 ASL  00000061)
[    0.000000] ACPI: DSDT 0x000000007FFF0470 0021FF (v02 VBOX   VBOXBIOS 00000002 INTL 20100528)
[    0.000000] ACPI: FACS 0x000000007FFF0200 000040
[    0.000000] ACPI: FACS 0x000000007FFF0200 000040
[    0.000000] ACPI: APIC 0x000000007FFF0240 00005C (v02 VBOX   VBOXAPIC 00000001 ASL  00000061)
[    0.000000] ACPI: SSDT 0x000000007FFF02A0 0001CC (v01 VBOX   VBOXCPUT 00000002 INTL 20100528)
[    00.000000] No NUMA configuration found
[    0.000000] Faking a node at [mem 0x0000000000000000-0x000000007ffeffff]
[    0.000000] NODE_DATA(0) allocated [mem 0x7ffc5000-0x7ffeffff]
[    0.000000] kvm-clock: cpu 0, msr 0:7ff44001, primary cpu clock
[    0.000000] kvm-clock: Using msrs 4b564d01 and 4b564d00
[    0000000]kv-clock: usng sch ofsset of 6721934 cycl
[    0.000000] clockourc: kv-clok:mask: 0xffffffffffffffmax_cyle: 0x1c424dff, ax_idle_ns: 881590591483 ns
[    0.000000] Zone ranges:
[    0.000000]   DMA     [mem 0000000000001000-0x0000000000ffffff]
[    0.000000]  DA32    [mem 0x0000000001000000-0x000000007ffeffff]
[    0.000000]   Normal   empty
[    0.000000]   Device   empty
[    0.000000] Movable zone start for each node
[    0.000000] Early memory node ranges
[    0.000000]   node   0: [mem 0x0000000000001000-0x000000000009efff]
[    0.000000]   node   0:[mem 0x0000000000100000-0x000000007ffeffff]
[    0.000000] Reserved but unavailable: 114 pages
[    0.000000] Initmem setup node 0 [mem 0x0000000000001000-0x000000007ffeffff]
[    0.000000] ACPI: PM-Timer IO Port: 0x4008
[    0.000000] IOAPIC[0]: apic_id 2, version 32, address 0xfec00000, GSI 0-23
[    0.000000] ACPI: INT_SRC_OVR (bus 0 bus_irq 0 global_irq 2 d dfl)
[   0.00000 API: IN_SRCOVR (b 0 bus_iq  global_irq9 ow level)
[    0.000000] sig  ACPI (MADTfor SM cnfigurtin informtion
[   0.0000] mpoo: llowing 2 CP, 0 hotplug CUs
[    0.000000] : Registerd nosave memory: [mem 0x00000000-0x00000fff]
[    0.000000] PM: Registered nosave memory: [mem 0x0009f000-0x0009ffff]
[    0.000000] PM: Registered nosave memory: [mem 0x000a0000-0x000effff]
[    0.000000] PM: Registered nosave memory: [mem 0x000f0000-0x000fffff]
[    0.000000] e820: [mem 0x80000000-0xfebfffff] available for PCI devices
[    0.000000] Booting paravirtualized kernel on KVM
[    0.000000] clocksource: refined-jiffies: mask: 0xffffffff max_cycles: 0xffffffff, max_idle_ns: 7645519600211568 ns
[    0.000000] random: get_random_bytes called from start_kernel+0x99/0x4fd with crng_init=0
[    0.000000] setup_percpu: NR_CPUS:8192 nr_cpumask_bits:2 nr_cpu_ids:2 nr_node_ids:1
[    0.000000] percpu: Embedded 46 pge/cpu @      (prvl) s1515528192 d67 u104857
    0.0000] P qspnlock sh table nties: 26 order: 0, 4096 bytes)
[    0.000000] Built 1 zonelists, mobility groung on. Ttal pages: 51561
[  0.00000] olicy zo: DMA3
    0.000000]Kernl command line: BOOT_IMAGE=/boot/vmlinuz-4.15.0-47generic root=LBE=cloudimg-rofs ro onole=ty1 consolettS0
[    .000000] Memory: 2015800K/2096696K available (12300K kernel code, 2473K rwdata,4252K rodata, 2408K init, 2416K bss, 8089K reserved, 0cma-reserved)
[    0.000000] SLUB: HWalign=64, Order=0-3, MinObjects=0, CPUs=2, Nodes=1
[    0.000000] Kernel/User page tables isolation: enabled
[    0.000000] ftrace: allocating 39206 entries in 154 pages
[    0.004000] Hierarchical RCU implementation.
[    0.004000] 	RCU restricting CPUs from NR_CPUS=8192 to nr_cpu_ids=2.
[    0.004000] 	Tasks RCU enabled.
[    0.004000] RCU: Adjusting geometry for rcu_fanout_leaf=16, nr_cpu_id2
[  0.004000] R_RQS: 524544, _irq: 44, prealloatd irqs 1
[    .04000] Cosole: colour VGA 8x25[    0004000] consle [tty1] enabled
[    0.004000] console [ttyS0] enabled
[    0.004000] API: Core revision 20170831
[    0.004000] ACPI: 2 ACPI AML tables successfully acquired and loaded
[    0.004000] APIC: Switch to symmetric I/O mode setup
[    0.004000] x2apic enabled
[    0.004000] Switched APIC routing to physical x2apic.
[    0.004967] ..TIMER: vector=0x30 apic1=0 pin1=2 apic2=-1 pin2=-1
[    0.008006] tsc: Detected 2807.998 MHz processor
[    0.012011] Calibrating delay loop (skipped) preset value.. 5615.99 BogoMIPS (lpj=11231992)
[    0.016007] pid_max: default: 32768 minimum: 301
[    0.020039] Security Framework initialized
[    0.024007] Yama: becoming mindful.
[    0.028037] AppArmor: AppArmor initialized
[    0.033489] Dentry cache hash table entries: 262144 (order: 9, 2097152 bytes)
[    0.037498] Inode-cache hash table entries: 131072 (order: 8, 1048576 bytes)
[    0.040028] Mount-cache hash table entries: 4096 (order: 3, 32768 bytes)
[    0.044015] Mountpoint-cache hash table entries: 4096 (order: 3, 32768 bytes)
[    0.048285] mce: CPU supports 0 MCE banks
[    0.052029] Last level iTLB entries: 4KB 64, 2MB 8, 4MB 8
[    0.053641] Last level dTLB entries: 4KB 64, 2MB 0, 4MB 0, 1GB 4
[    0.056003] Spectre V2 : Mitigation: Full generic retpoline
[    0.060002] Spectre V2 : Spectre v2 / SpectreRSB mitigation: Filling RSB on context switch
[    0.064002] Speculative Store Bypass: Vulnerable
[    0.065415] Freeing SMP alternatives memory: 36K
[    0.072000] smpboot: CPU0: Intel(R) Core(TM) i7-7700HQ CPU @ 2.80GHz (family: 0x6, model: 0x9e, stepping: 0x9)
[    0.072086] Performance Events: unsupported p6 CPU model 158 no PMU driver, software events only.
[    0.076056] Hierarchical SRCU implementation.
[    0.080541] NMI watchdog: Perf event create on CPU 0 failed with -2
[    0.084006] NMI watchdog: Perf NMI watchdog permanently disabled
[    0.088068] smp: Bringing up secondary CPUs ...
[    0.092102] x86: Booting SMP configuration:
[    0.096007] .... node  #0, CPUs:      #1
[    0.004000] kvm-clock: cpu 1, msr 0:7ff44041, secondary cpu clock
[    0.004000] mce: CPU supports 0 MCE banks
[    0.230471] smp: Brought up 1 node, 2 CPUs
[    0.232010] smpboot: Max logical packages: 1
[    0.236009] smpboot: Total of 2 processors activated (11231.99 BogoMIPS)
[    0.240181] devtmpfs: initialized
[    0.240967] x86/mm: Memory block size: 128MB
[    0.242381] evm: security.selinux
[    0.243295] evm: security.SMACK64
[    0.244006] evm: security.SMACK64EXEC
[    0.244992] evm: security.SMACK64TRANSMUTE
[    0.248003] evm: security.SMACK64MMAP
[    0.249043] evm: security.apparmor
[    0.250012] evm: security.ima
[    0.250963] evm: security.capability
[    0.252133] clocksource: jiffies: mask: 0xffffffff max_cycles: 0xffffffff, max_idle_ns: 7645041785100000 ns
[    0.254678] futex hash table entries: 512 (order: 3, 32768 bytes)
[    0.256073] pinctrl core: initialized pinctrl subsystem
[    0.257689] RTC time:  7:41:08, date: 04/18/19
[    0.260134] NET: Registered protocol family 16
[    0.264093] audit: initializing netlink subsys (disabled)
[    0.265736] audit: type=2000 audit(1555573265.482:1): state=initialized audit_enabled=0 res=1
[    0.268024] cpuidle: using governor ladder
[    0.269355] cpuidle: using governor menu
[    0.272046] ACPI: bus type PCI registered
[    0.273337] acpiphp: ACPI Hot Plug PCI Controller Driver version: 0.5
[    0.275086] PCI: Using configuration type 1 for base access
[    0.280048] HugeTLB registered 2.00 MiB page size, pre-allocated 0 pages
[    0.281975] ACPI: Added _OSI(Module Device)
[    0.284005] ACPI: Added _OSI(Processor Device)
[    0.284933] ACPI: Added _OSI(3.0 _SCP Extensions)
[    0.288002] ACPI: Added _OSI(Processor Aggregator Device)
[    0.292030] ACPI: Added _OSI(Linux-Dell-Video)
[    0.296008] ACPI: Added _OSI(Linux-Lenovo-NV-HDMI-Audio)
[    0.300008] ACPI: Added _OSI(Linux-HPI-Hybrid-Graphics)
[    0.304386] ACPI: Executed 1 blocks of module-level executable AML code
[    0.312350] ACPI: Interpreter enabled
[    0.316030] ACPI: (supports S0 S5)
[    0.320006] ACPI: Using IOAPIC for interrupt routing
[    0.324245] PCI: Using host bridge windows from ACPI; if necessary, use "pci=nocrs" and report a bug
[    0.328221] ACPI: Enabled 2 GPEs in block 00 to 07
[    0.339106] ACPI: PCI Root Bridge [PCI0] (domain 0000 [bus 00-ff])
[    0.340027] acpi PNP0A03:00: _OSC: OS supports [ASPM ClockPM Segments MSI]
[    0.344051] acpi PNP0A03:00: _OSC: not requesting OS control; OS requires [ExtendedConfig ASPM ClockPM MSI]
[    0.348025] acpi PNP0A03:00: fail to add MMCONFIG information, can't access extended PCI configuration space under this bridge.
[    0.352453] PCI host bridge to bus 0000:00
[    0.356034] pci_bus 0000:00: root bus resource [io  0x0000-0x0cf7 window]
[    0.360010] pci_bus 0000:00: root bus resource [io  0x0d00-0xffff window]
[    0.364005] pci_bus 0000:00: root bus resource [mem 0x000a0000-0x000bffff window]
[    0.366131] pci_bus 0000:00: root bus resource [mem 0x80000000-0xfdffffff window]
[    0.368007] pci_bus 0000:00: root bus resource [bus 00-ff]
[    0.375186] pci 0000:00:01.1: legacy IDE quirk: reg 0x10: [io  0x01f0-0x01f7]
[    0.376024] pci 0000:00:01.1: legacy IDE quirk: reg 0x14: [io  0x03f6]
[    0.380004] pci 0000:00:01.1: legacy IDE quirk: reg 0x18: [io  0x0170-0x0177]
[    0.384004] pci 0000:00:01.1: legacy IDE quirk: reg 0x1c: [io  0x0376]
[    0.412779] pci 0000:00:07.0: quirk: [io  0x4000-0x403f] claimed by PIIX4 ACPI
[    0.416027] pci 0000:00:07.0: quirk: [io  0x4100-0x410f] claimed by PIIX4 SMB
[    0.431521] ACPI: PCI Interrupt Link [LNKA] (IRQs 5 9 10 *11)
[    0.432339] ACPI: PCI Interrupt Link [LNKB] (IRQs 5 9 *10 11)
[    0.436183] ACPI: PCI Interrupt Link [LNKC] (IRQs 5 *9 10 11)
[    0.440160] ACPI: PCI Interrupt Link [LNKD] (IRQs 5 9 10 *11)
[    0.448019] SCSI subsystem initialized
[    0.452067] pci 0000:00:02.0: vgaarb: setting as boot VGA device
[    0.456000] pci 0000:00:02.0: vgaarb: VGA device added: decodes=io+mem,owns=io+mem,locks=none
[    0.456010] pci 0000:00:02.0: vgaarb: bridge control possible
[    0.460006] vgaarb: loaded
[    0.464056] ACPI: bus type USB registered
[    0.468044] usbcore: registered new interface driver usbfs
[    0.472030] usbcore: registered new interface driver hub
[    0.476042] usbcore: registered new device driver usb
[    0.484012] EDAC MC: Ver: 3.0.0
[    0.488425] PCI: Using ACPI for IRQ routing
[    0.492407] NetLabel: Initializing
[    0.493416] NetLabel:  domain hash size = 128
[    0.494621] NetLabel:  protocols = UNLABELED CIPSOv4 CALIPSO
[    0.496018] NetLabel:  unlabeled traffic allowed by default
[    0.497697] clocksource: Switched to clocksource kvm-clock
[    0.513068] VFS: Disk quotas dquot_6.6.0
[    0.514269] VFS: Dquot-cache hash table entries: 512 (order 0, 4096 bytes)
[    0.516257] AppArmor: AppArmor Filesystem Enabled
[    0.517622] pnp: PnP ACPI init
[    0.520175] pnp: PnP ACPI: found 3 devices
[    0.532347] clocksource: acpi_pm: mask: 0xffffff max_cycles: 0xffffff, max_idle_ns: 2085701024 ns
[    0.534817] NET: Registered protocol family 2
[    0.536016] TCP established hash table entries: 16384 (order: 5, 131072 bytes)
[    0.537539] TCP bind hash table entries: 16384 (order: 6, 262144 bytes)
[    0.540004] TCP: Hash tables configured (established 16384 bind 16384)
[    0.541905] UDP hash table entries: 1024 (order: 3, 27 bes
[  097204UDP-itha tlentes: 102(oer 3 3276 bes
[  13359NE: Reisred protocol family 1
[    1.607367] pci 0000:00:00.0: Limiting direct PCI/PCI transfers
[    1.609088] pci 0000:00:01.0: Activating ISA DMA hang workarounds
[    1.611782] pci 0000:00:02.0: Video device with shadowed ROM at [mem 0x000c0000-0x000dffff]
[    1.614340] Unpacking initramfs...

[    1.876591] Freeing initrd memory: 18976K
[    1.953296] platform rtc_cmos: registered platform RTC device (no PNP device found)
[    2.153670] Scanning for low memory corruption every 60 seconds
[    2.355627] Initialise system trusted keyrings
[    2.475171] Key type blacklist registered
[    2.544713] workingset: timestamp_bits=36 max_order=19 bucket_order=0
[    2.689662] zbud: loaded
[    2.691083] squashfs: version 4.0 (2009/01/31) Phillip Lougher
[    2.693140] fuse init (API version 7.26)
[    2.700051] Key type asymmetric registered
[    2.701188] Asymmetric key parser 'x509' registered
[    2.702628] Block layer SCSI generic (bsg) driver version 0.4 loaded (major 246)
[    2.707352] io scheduler noop registered
[    2.709587] io scheduler deadline registered
[    2.710856] io scheduler cfq registered (default)
[    2.712619] ACPI: AC Adapter [AC] (on-line)
[    2.713930] input: Power Button as /devices/LNXSYSTM:00/LNXPWRBN:00/input/input0
[    2.716178] ACPI: Power Button [PWRF]
[    2.717383] input: Sleep Button as /devices/LNXSYSTM:00/LNXSLPBN:00/input/input1
[    2.719379] ACPI: Sleep Button [SLPF]
[    2.724333] ACPI: Battery Slot [BAT0] (battery present)
[    2.725819] Serial: 8250/16550 driver, 32 ports, IRQ sharing enabled
[    2.751446] 0:0 tS0t O 0x3f8 (irq=  be_au= 520)s 16550A
[  2.9736 t: efind SClosocecabration:2809.198 MHz

[    2.972372] clocksource: tsc: mask: 0xffffffffffffffff max_cycles: 0x287e31f0808, max_idle_ns: 440795327641 ns
[    3.813913] Linux agpgart interface v0.103
[    3.818308] loop: module loaded
[    3.820033] scsi host0: ata_piix
[    3.821462] scsi host1: ata_piix
[    3.822478] ata1: PATA max UDMA/33 cmd 0x1f0 ctl 0x3f6 bmdma 0xd000 irq 14
[    3.825727] ata2: PATA max UDMA/33 cmd 0x170 ctl 0x376 bmdma 0xd008 irq 15
[    3.827643] libphy: Fixed MDIO Bus: probed
[    3.828921] tun: Universal TUN/TAP device driver, 1.6
[    3.830740] PPP generic driver version 2.4.2
[    3.841102] ehci_hcd: USB 2.0 'Enhanced' Host Controller (EHCI) Driver
[    3.913090] ehci-pci: EHCI PCI platform driver
[    3.975861] ehci-platform: EHCI generic platform driver
[    4.052437] ohci_hcd: USB 1.1 'Open' Host Controller (OHCI) Driver
[    4.160434] ohci-pci: OHCI PCI platform driver
[    4.216405] ohci-platform: OHCI generic platform driver
[    4.292847] uhci_hcd: USB Universal Host Controller Interface driver
[    4.356677] i8042: PNP: PS/2 Controller [PNP0303:PS2K,PNP0f03:PS2M] at 0x60,0x64 irq 1,12
[    4.457363] serio: i8042 KBD port at 0x60,0x64 irq 1
[    4.539945] serio: i8042 AUX port at 0x60,0x64 irq 12
[    4.623825] mousedev: PS/2 mouse device common for all mice
[    4.705318] rtc_cmos rtc_cmos: rtc core: registered rtc_cmos as rtc0
[    4.800232] rtc_cmos rtc_cmos: alarms up to one day, 114 bytes nvram
[    4.879676] i2c /dev entries driver
[    4.888859] pcie_mp2_amd: AMD(R) PCI-E MP2 Communication Driver Version: 1.0
[    4.888876] input: AT Translated Set 2 keyboard as /devices/platform/i8042/serio0/input/input2
[    4.894492] device-mapper: uevent: version 1.0.3
[    4.897617] device-mapper: ioctl: 4.37.0-ioctl (2017-09-20) initialised: dm-devel@redhat.com
[    4.899798] ledtrig-cpu: registered to indicate activity on CPUs
[    4.901854] NET: Registered protocol family 10
[    4.907107] Segment Routing with IPv6
[    4.908211] NET: Registered protocol family 17
[    4.909631] Key type dns_resolver registered
[    4.912364] RAS: Correctable Errors collector initialized.
[    4.913918] sched_clock: Marking stable (4912331134, 0)->(18664645793, -13752314659)
[    4.916766] registered taskstats version 1
[    4.917972] Loading compiled-in X.509 certificates
[    4.924312] Loaded X.509 cert 'Build time autogenerated kernel key: 7211859d1298c08a101905a3cb814e8c7b4bf4a4'
[    4.926970] zswap: loaded using pool lzo/zbud
[    4.932230] Key type big_key registered
[    4.933414] Key type trusted registered
[    4.936140] Key type encrypted registered
[    4.937037] AppArmor: AppArmor sha1 policy hashing enabled
[    4.938192] ima: No TPM chip found, activating TPM-bypass! (rc=-19)
[    4.939505] ima: Allocated hash algorithm: sha1
[    4.940659] evm: HMAC attrs: 0x1
[    4.941852]   Magic number: 15:213:673
[    4.942715] rtc_cmos rtc_cmos: setting system clock to 2019-04-18 07:41:15 UTC (1555573275)
[    4.944680] BIOS EDD facility v0.16 2004-Jun-25, 0 devices found
[    4.946133] EDD information not available.
[    4.960543] Freeing unused kernel memory: 2408K
[    5.113927] Write protecting the kernel read-only data: 20480k
[    5.194749] Freeing unused kernel memory: 2008K
[    5.297503] Freeing unused kernel memory: 1892K
[    5.387859] x86/mm: Checked W+X mappings: passed, no W+X pages found.
[    5.602210] x86/mm: Checking user space page tables
[    5.657443] x86/mm: Checked W+X mappings: passed, no W+X pages found.
Loading, please wait...
starting version 237
[    5.895089] Fusion MPT base driver 3.04.20
[    5.908538] e1000: Intel(R) PRO/1000 Network Driver - version 7.3.21-k8-NAPI
[    5.908539] e1000: Copyright (c) 1999-2006 Intel Corporation.
[    5.989165] Copyright (c) 1999-2008 LSI Corporation
[    6.008432] AVX2 version of gcm_enc/dec engaged.
[    6.009978] AES CTR mode by8 optimization enabled
[    6.015436] Fusion MPT SPI Host driver 3.04.20
[    6.217255] input: ImExPS/2 Generic Explorer Mouse as /devices/platform/i8042/serio1/input/input4
[    6.377108] e1000 0000:00:03.0 eth0: (PCI:33MHz:32-bit) 02:6a:33:5f:8d:05
[    6.377112] e1000 0000:00:03.0 eth0: Intel(R) PRO/1000 Network Connection
[    6.695831] mptbase: ioc0: Initiating bringup
[    6.797180] e1000 0000:00:03.0 enp0s3: renamed from eth0
[    6.896546] ioc0: LSI53C1030 A0: Capabilities={Initiator}
[    7.280435] scsi host2: ioc0: LSI53C1030 A0, FwRev=00000000h, Ports=1, MaxQ=256, IRQ=20
[    7.661280] scsi 2:0:0:0: Direct-Access     VBOX     HARDDISK         1.0  PQ: 0 ANSI: 5
[    8.344251] scsi target2:0:0: Beginning Domain Validation
[    9.199694] scsi target2:0:0: Domain Validation skipping write tests
[   10.291770] scsi target2:0:0: Ending Domain Validation
[   10.346294] scsi target2:0:0: asynchronous
[   10.388699] scsi 2:0:1:0: Direct-Access     VBOX     HARDDISK         1.0  PQ: 0 ANSI: 5
[   10.424132] scsi target2:0:1: Beginning Domain Validation
[   10.426184] random: fast init done
[   10.427903] scsi target2:0:1: Domain Validation skipping write tests
[   10.429754] scsi target2:0:1: Ending Domain Validation
[   10.431166] scsi target2:0:1: asynchronous
[   10.435313] random: systemd-udevd: uninitialized urandom read (16 bytes read)
[   10.435318] sd 2:0:0:0: Attached scsi generic sg0 type 0
[   10.435505] sd 2:0:1:0: Attached scsi generic sg1 type 0
[   10.435922] sd 2:0:1:0: [sdb] 20480 512-byte logical blocks: (10.5 MB/10.0 MiB)
[   10.436067] sd 2:0:1:0: [sdb] Write Protect is off
[   10.436247] sd 2:0:1:0: [sdb] Incomplete mode parameter data
[   10.436261] sd 2:0:1:0: [sdb] Assuming drive cache: write through
[   10.443059] sd 2:0:0:0: [sda] 20971520 512-byte logical blocks: (10.7 GB/10.0 GiB)
[   10.443133] sd 2:0:0:0: [sda] Write Protect is off
[   10.443215] sd 2:0:0:0: [sda] Incomplete mode parameter data
[   10.443216] sd 2:0:0:0: [sda] Assuming drive cache: write through
[   10.444392] sd 2:0:1:0: [sdb] Attached SCSI disk
[   10.444568]  sda: sda1
[   10.445250] sd 2:0:0:0: [sda] Attached SCSI disk
[   10.531500] random: systemd-udevd: uninitialized urandom read (16 bytes read)
[   10.536162] random: systemd-udevd: uninitialized urandom read (16 bytes read)
Begin: Loading essential drivers ... [   11.953407] raid6: sse2x1   gen() 13344 MB/s
[   12.052260] raid6: sse2x1   xor()  8951 MB/s
[   12.173296] raid6: sse2x2   gen() 14750 MB/s
[   12.321436] raid6: sse2x2   xor()  9904 MB/s
[   12.444212] raid6: sse2x4   gen() 15823 MB/s
[   12.600047] raid6: sse2x4   xor()  9055 MB/s
[   12.648112] raid6: avx2x1   gen() 20598 MB/s
[   12.788254] raid6: avx2x1   xor() 16461 MB/s
[   12.940085] raid6: avx2x2   gen() 29046 MB/s
[   13.059262] raid6: avx2x2   xor() 18365 MB/s
[   13.200411] raid6: avx2x4   gen() 32973 MB/s
[   13.341706] raid6: avx2x4   xor() 22468 MB/s
[   13.393856] raid6: using algorithm avx2x4 gen() 32973 MB/s
[   13.534506] raid6: .... xor() 22468 MB/s, rmw enabled
[   13.656706] raid6: using avx2x2 recovery algorithm
[   13.687077] xor: automatically using best checksumming function   avx       
[   13.690691] async_tx: api initialized (async)
done.
Begin: Running /scripts/init-premount ... done.
Begin: Mounting root file system ... Begin: Running /scripts/local-top ... done.
Begin: Running /scripts/local-premount ... [   13.742680] Btrfs loaded, crc32c=crc32c-intel
Scanning for Btrfs filesystems
done.
Warning: fsck not present, so skipping root file[   13.853350] EXT4-fs (sda1): mounted filesystem with ordered data mode. Opts: (null)
 system
done.
Begin: Running /scripts/local-bottom ... done.
Begin: Running /scripts/init-bottom ... done.
[   14.289319] ip_tables: (C) 2000-2006 Netfilter Core Team
[   14.466364] systemd[1]: systemd 237 running in system mode. (+PAM +AUDIT +SELINUX +IMA +APPARMOR +SMACK +SYSVINIT +UTMP +LIBCRYPTSETUP +GCRYPT +GNUTLS +ACL +XZ +LZ4 +SECCOMP +BLKID +ELFUTILS +KMOD -IDN2 +IDN -PCRE2 default-hierarchy=hybrid)
[   14.470812] systemd[1]: Detected virtualization oracle.
[   14.471950] systemd[1]: Detected architecture x86-64.

Welcome to [1mUbuntu 18.04.2 LTS[0m!

[   14.513841] systemd[1]: Set hostname to <ubuntu>.
[   14.646951] systemd[1]: Initializing machine ID from random generator.
[   14.648727] systemd[1]: Installed transient /etc/machine-id file.
[   14.880842] systemd[1]: Started Forward Password Requests to Wall Directory Watch.
[[0;32m  OK  [0m] Started Forward Password Requests to Wall Directory Watch.
[   14.885653] systemd[1]: Created slice User and Session Slice.
[[0;32m  OK  [0m] Created slice User and Session Slice.
[   14.904898] systemd[1]: Created slice System Slice.
[[0;32m  OK  [0m] Created slice System Slice.
[   15.773208] systemd[1]: Listening on Network Service Netlink Socket.
[[0;32m  OK  [0m] Listening on Network Service Netlink Socket.
[[0;32m  OK  [0m] Listening on Journal Audit Socket.
[[0;32m  OK  [0m] Listening on Syslog Socket.
[[0;32m  OK  [0m] Listening on Journal Socket (/dev/log).
[[0;32m  OK  [0m] Reached target User and Group Name Lookups.
[[0;32m  OK  [0m] Created slice system-serial\x2dgetty.slice.
[[0;32m  OK  [0m] Reached target Swap.
[[0;32m  OK  [0m] Listening on udev Kernel Socket.
[[0;32m  OK  [0m] Listening on Journal Socket.
         Mounting Huge Pages File System...
         Starting Uncomplicated firewall...
         Mounting Kernel Debug File System...
         Mounting POSIX Message Queue File System...
         Starting Load Kernel Modules...
[[0;32m  OK  [0m] Listening on LVM2 poll daemon socket.
         Starting Create list of required st…ce nodes for the current kernel...
         Starting Set the console keyboard layout...
[[0;32m  OK  [0m] Reached target System Time Synchronized.
[[0;32m  OK  [0m] Listening on LVM2 metadata daemon socket.
[[0;32m  OK  [0m] Reached target Slices.
         Starting Remount Root and Kernel File Systems...
         Starting Journal Servic[   17.052855] Loading iSCSI transport class v2.0-870.
e...
[[0;32m  OK  [0m] Listening on /dev/initctl Compatibility Named Pipe.
[[0;32m  OK  [[   17.173819] iscsi: registered transport (tcp)
0m] Listening on Device-mapper event daemon FIFOs.
         Starting Monitoring of LVM2 mirrors…ng dmeventd or pr[   17.307015] iscsi: registered transport (iser)
ogress polling...
[[0;32m  OK  [0m] Set up automount Arbitrary Executab…rmats File System Automount Point.
[[0;32m  OK  [0m] Listening on udev Control Socket.
         Starting udev Coldplug all Devices...
[[0;32m  OK  [0m] Started Journal Service.
[[0;32m  OK  [0m] Started Uncomplicated firewall.
[[0;32m  OK  [0m] Started Load Kernel Modules.
[[0;32m  OK  [0m] Started Create list of required sta…vice nodes for the current kernel.
         Starting Create Static Device Nodes in /dev...
         Mounting Kernel Configuration File System...
         Mounting FUSE Control File System...
         Starting Apply Kernel Variables...
[[0;32m  OK  [0m] Started Create Static Device Nodes in /dev.
[[0;32m  OK  [0m] Started udev Coldplug all Devices.
[[0;32m  OK  [0m] Started Apply Kernel Variables.
[[0;32m  OK  [0m] Mounted Huge Pages File System.
[[0;32m  OK  [0m] Mounted Kernel Debug File System.
[[0;32m  OK  [0m] Mounted POSIX Message Queue File System.
[[0;32m  OK  [0m] Started Remount Root and Kernel File Systems.
[[0;32m  OK  [0m] Mounted Kernel Configuration File System.
[[0;32m  OK  [0m] Mounted FUSE Control File System.
[[0;32m  OK  [0m] Started LVM2 metadata daemon.
         Starting Flush Journal to Persistent Storage...
         Starting udev Kernel Device Manager...
         Starting Load/Save Random Seed...
[[0;32m  OK  [0m] Started Monitoring of LVM2 mirrors,…sing dmeventd or progress polling.
[[0;32m  OK  [0m] Started Load/Save Random Seed.
[[0;32m  OK  [0m] Started udev Kernel Device Manager.
[[0;32m  OK  [0m] Started Flush Journal to Persistent Storage.
[[0;32m  OK  [0m] Found device /dev/ttyS0.
[[0;32m  OK  [0m] Listening on Load/Save RF Kill Switch Status /dev/rfkill Watch.
[[0;32m  OK  [0m] Started Set the console keyboard layout.
[[0;32m  OK  [0m] Reached target Local File Systems (Pre).
[[0;32m  OK  [0m] Reached target Local File Systems.
         Starting ebtables ruleset management...
         Starting Create Volatile Files and Directories...
         Starting Tell Plymouth To Write Out Runtime Data...
         Starting Set console font and keymap...
         Starting AppArmor initialization...
         Starting Commit a transient machine-id on disk...
[[0;32m  OK  [0m] Started Dispatch Password Requests to Console Directory Watch.
[[0;32m  OK  [0m] Reached target Local Encrypted Volumes.
[[0;32m  OK  [0m] Started Create Volatile Files and Directories.
[[0;32m  OK  [0m] Started Tell Plymouth To Write Out Runtime Data.
[[0;32m  OK  [0m] Started Commit a transient machine-id on disk.
         Starting Update UTMP about System Boot/Shutdown...
[[0;32m  OK  [0m] Started Update UTMP about System Boot/Shutdown.
[[0;32m  OK  [0m] Started ebtables ruleset management.
[[0;32m  OK  [0m] Started AppArmor initialization.
         Starting Initial cloud-init job (pre-networking)...
[[0;32m  OK  [0m] Started Set console font and keymap.
[   21.594327] cloud-init[866]: Cloud-init v. 18.5-45-g3554ffe8-0ubuntu1~18.04.1 running 'init-local' at Thu, 18 Apr 2019 07:41:31 +0000. Up 21.24 seconds.
[[0;32m  OK  [0m] Started Initial cloud-init job (pre-networking).
[[0;32m  OK  [0m] Reached target Network (Pre).
         Starting Network Service...
[[0;32m  OK  [0m] Started Network Service.
         Starting Network Name Resolution...
         Starting Wait for Network to be Configured...
[[0;32m  OK  [0m] Started Network Name Resolution.
[[0;32m  OK  [0m] Reached target Host and Network Name Lookups.
[[0;32m  OK  [0m] Reached target Network.
[[0;32m  OK  [0m] Started Wait for Network to be Configured.
         Starting Initial cloud-init job (metadata service crawler)...
[   24.286782] cloud-init[1011]: Cloud-init v. 18.5-45-g3554ffe8-0ubuntu1~18.04.1 running 'init' at Thu, 18 Apr 2019 07:41:34 +0000. Up 24.15 seconds.
[   24.343580] cloud-init[1011]: ci-info: ++++++++++++++++++++++++++++++++++++++Net device info++++++++++++++++++++++++++++++++++++++
[   24.372334] cloud-init[1011]: ci-info: +--------+------+----------------------------+---------------+--------+-------------------+
[   24.380107] cloud-init[1011]: ci-info: | Device |  Up  |          Address           |      Mask     | Scope  |     Hw-Address    |
[   24.418378] cloud-init[1011]: ci-info: +--------+------+----------------------------+---------------+--------+-------------------+
[   24.421207] cloud-init[1011]: ci-info: | enp0s3 | True |         10.0.2.15          | 255.255.255.0 | global | 02:6a:33:5f:8d:05 |
[   24.425012] cloud-init[1011]: ci-info: | enp0s3 | True | fe80::6a:33ff:fe5f:8d05/64 |       .       |  link  | 02:6a:33:5f:8d:05 |
[   24.427726] cloud-init[1011]: ci-info: |   lo   | True |         127.0.0.1          |   255.0.0.0   |  host  |         .         |
[   24.430284] cloud-init[1011]: ci-info: |   lo   | True |          ::1/128           |       .       |  host  |         .         |
[   24.436340] cloud-init[1011]: ci-info: +--------+------+----------------------------+---------------+--------+-------------------+
[   24.442774] cloud-init[1011]: ci-info: ++++++++++++++++++++++++++++Route IPv4 info+++++++++++++++++++++++++++++
[   24.447235] cloud-init[1011]: ci-info: +-------+-------------+----------+-----------------+-----------+-------+
[   24.453157] cloud-init[1011]: ci-info: | Route | Destination | Gateway  |     Genmask     | Interface | Flags |
[   24.458754] cloud-init[1011]: ci-info: +-------+-------------+----------+-----------------+-----------+-------+
[   24.462798] cloud-init[1011]: ci-info: |   0   |   0.0.0.0   | 10.0.2.2 |     0.0.0.0     |   enp0s3  |   UG  |
[   24.465968] cloud-init[1011]: ci-info: |   1   |   10.0.2.0  | 0.0.0.0  |  255.255.255.0  |   enp0s3  |   U   |
[   24.469916] cloud-init[1011]: ci-info: |   2   |   10.0.2.2  | 0.0.0.0  | 255.255.255.255 |   enp0s3  |   UH  |
[   24.480239] cloud-init[1011]: ci-info: +-------+-------------+----------+-----------------+-----------+-------+
[   24.494677] cloud-init[1011]: ci-info: +++++++++++++++++++Route IPv6 info+++++++++++++++++++
[   24.500317] cloud-init[1011]: ci-info: +-------+-------------+---------+-----------+-------+
[   24.501998] cloud-init[1011]: ci-info: | Route | Destination | Gateway | Interface | Flags |
[   24.503822] cloud-init[1011]: ci-info: +-------+-------------+---------+-----------+-------+
[   24.505501] cloud-init[1011]: ci-info: |   1   |  fe80::/64  |    ::   |   enp0s3  |   U   |
[   24.507195] cloud-init[1011]: ci-info: |   3   |    local    |    ::   |   enp0s3  |   U   |
[   24.509030] cloud-init[1011]: ci-info: |   4   |   ff00::/8  |    ::   |   enp0s3  |   U   |
[   24.510823] cloud-init[1011]: ci-info: +-------+-------------+---------+-----------+-------+
[   24.980021] cloud-init[1011]: Generating public/private rsa key pair.
[   25.020741] cloud-init[1011]: Your identification has been saved in /etc/ssh/ssh_host_rsa_key.
[[   25.083590] cloud-init[1011]: Your public key has been saved in /etc/ssh/ssh_host_rsa_key.pub.
[   25.084032] cloud-init[1011]: The key fingerprint is:
[0;32m  OK  [0m] Started Initial cloud-init job (metadata service crawler).
[   25.084721] cloud-init[1011]: SHA256:pfHi7zyjy8QV7PM8eXfb0AoftVznc75HioFkkt6Myh4 root@ubuntu-bionic
[[   25.236337] cloud-init[1011]: The key's randomart image is:
[   25.236525] cloud-init[1011]: +---[RSA 2048]----+
[0;32m  OK  [0m] Reached target Network is Online.
[   25.236892] cloud-init[1011]: |                 |
         [   25.349610] cloud-init[1011]: |         .       |
[   25.350827] cloud-init[1011]: |        ..+      |
[   25.351532] cloud-init[1011]: |        o*o.     |
Starting Availability of block devices...
[[   25.352315] cloud-init[1011]: |       .SB=.    +|
[   25.445605] cloud-init[1011]: |       ooo++...+=|
[0;32m  OK  [0m] Reached target Remote File Systems (Pre).
[[   25.446195] cloud-init[1011]: |     .E.+   *o+**|
[   25.524803] cloud-init[1011]: |      o+ oo .=.*B|
[0;32m  OK  [0m] Reached target Remote File Systems.
[[   25.525293] cloud-init[1011]: |     .. +++o  oo=|
[   25.609987] cloud-init[1011]: +----[SHA256]-----+
[0;32m  OK  [0m] Reached target Cloud-config availability.
[   25.610693] cloud-init[1011]: Generating public/private dsa key pair.
[[   25.696651] cloud-init[1011]: Your identification has been saved in /etc/ssh/ssh_host_dsa_key.
[   25.696887] cloud-init[1011]: Your public key has been saved in /etc/ssh/ssh_host_dsa_key.pub.
[0;32m  OK  [0m] Reached target System Initialization.
[   25.697257] cloud-init[1011]: The key fingerprint is:
[[0;32m  OK  [0m[   25.725926] cloud-init[1011]: SHA256:5ki+zXgzQV89FfJmj8ElZt6HGbl8kVKjJlV/vDZ5Yc0 root@ubuntu-bionic
[   25.726575] cloud-init[1011]: The key's randomart image is:
[   25.726934] cloud-init[1011]: +---[DSA 1024]----+
] Listening on ACPID Listen Socket.
[   25.727319] cloud-init[1011]: |             oB*+|
[[   25.737707] cloud-init[1011]: |            .*=%=|
[   25.738004] cloud-init[1011]: |           . =BOE|
[   25.738453] cloud-init[1011]: |        .   + OoO|
[   25.738843] cloud-init[1011]: |      ..S. .  .Bo|
[   25.739162] cloud-init[1011]: |     o +. .   . o|
[   25.739937] cloud-init[1011]: |      o ..       |
[   25.740665] cloud-init[1011]: |       =+        |
[   25.741079] cloud-init[1011]: |      o.oo       |
[   25.741733] cloud-init[1011]: +----[SHA256]-----+
[   25.742118] cloud-init[1011]: Generating public/private ecdsa key pair.
[   25.742514] cloud-init[1011]: Your identification has been saved in /etc/ssh/ssh_host_ecdsa_key.
[   25.742872] cloud-init[1011]: Your public key has been saved in /etc/ssh/ssh_host_ecdsa_key.pub.
[   25.743260] cloud-init[1011]: The key fingerprint is:
[   25.743630] cloud-init[1011]: SHA256:K2Ql8SouHQbf1AZMzX7Sm1rln3rCkGMPe46cZgmS0wo root@ubuntu-bionic
[   25.743980] cloud-init[1011]: The key's randomart image is:
[   25.744769] cloud-init[1011]: +---[ECDSA 256]---+
[   25.745175] cloud-init[1011]: |     o+o         |
[   25.745847] cloud-init[1011]: |      .=o        |
[0;32m  OK  [0m] Started Message of the Day.
[   25.746442] cloud-init[1011]: |  .   o.=.       |
[[   25.767091] cloud-init[1011]: |   o o =o o .    |
[   25.767264] cloud-init[1011]: |    = =oSo *     |
[   25.767498] cloud-init[1011]: |   +E=+ o.X .    |
[   25.767699] cloud-init[1011]: |  . o..+.= O . . |
[   25.767932] cloud-init[1011]: |   .  ....=o= +  |
[   25.768385] cloud-init[1011]: |         o+oo+   |
[   25.768594] cloud-init[1011]: +----[SHA256]-----+
[   25.768811] cloud-init[1011]: Generating public/private ed25519 key pair.
[   25.769034] cloud-init[1011]: Your identification has been saved in /etc/ssh/ssh_host_ed25519_key.
[   25.769256] cloud-init[1011]: Your public key has been saved in /etc/ssh/ssh_host_ed25519_key.pub.
[   25.769479] cloud-init[1011]: The key fingerprint is:
[   25.769804] cloud-init[1011]: SHA256:2aLyWVFlPaF21wgcak7lkzLEFjiNN44KLD9T+uf/fqA root@ubuntu-bionic
[0;32m  OK  [0m] Started Daily Cleanup of Temporary Directories.
[[   25.769831] cloud-init[1011]: The key's randomart image is:
[   25.826363] cloud-init[1011]: +--[ED25519 256]--+
[   25.826728] cloud-init[1011]: |         =oo*o.. |
[   25.827532] cloud-init[1011]: |        +.**.+o..|
[   25.827884] cloud-init[1011]: |   .     *B.* o.o|
[   25.828770] cloud-init[1011]: |  . o . .B.+ o . |
[0;32m  OK  [0m] Listening on Open-iSCSI iscsid Socket.
[   25.829838] cloud-init[1011]: |   o + .S o      |
[   25.845803] cloud-init[1011]: |    = .. o  .    |
[   25.847314] cloud-init[1011]: |    .+. .  . .   |
[   25.849082] cloud-init[1011]: |     o.o. E   .  |
[   25.851359] cloud-init[1011]: |      oo...oo.   |
[   25.852560] cloud-init[1011]: +----[SHA256]-----+
[[0;32m  OK  [0m] Started ACPI Events Check.
[[0;32m  OK  [0m] Reached target Paths.
[[0;32m  OK  [0m] Started Discard unused blocks once a week.
[[0;32m  OK  [0m] Listening on UUID daemon activation socket.
         Starting Socket activation for snappy daemon.
[[0;32m  OK  [0m] Listening on D-Bus System Message Bus Socket.
[[0;32m  OK  [0m] Started Daily apt download activities.
[[0;32m  OK  [0m] Started Daily apt upgrade and clean activities.
[[0;32m  OK  [0m] Reached target Timers.
         Starting LXD - unix socket.
[[0;32m  OK  [0m] Started Availability of block devices.
[[0;32m  OK  [0m] Listening on Socket activation for snappy daemon.
[[0;32m  OK  [0m] Listening on LXD - unix socket.
[[0;32m  OK  [0m] Reached target Sockets.
[[0;32m  OK  [0m] Reached target Basic System.
         Starting LSB: automatic crash report generation...
         Starting Virtualbox guest utils...
[[0;32m  OK  [0m] Started FUSE filesystem for LXC.
         Starting Pollinate to seed the pseudo random number generator...
[[0;32m  OK  [0m] Started D-Bus System Message Bus.
         Starting Accounts Service...
         Starting LXD - container startup/shutdown...
[[0;32m  OK  [0m] Started irqbalance daemon.
         Starting Permit User Sessions...
         Starting LSB: Record successful boot for GRUB...
         Starting System Logging Service...
[[0;32m  OK  [0m] Started Regular background program processing daemon.
[[0;32m  OK  [0m] Started Deferred execution scheduler.
         Starting Login Service...
         Starting Snappy daemon...
         Starting Dispatcher daemon for systemd-networkd...
[[0;32m  OK  [0m] Started System Logging Service.
[[0;32m  OK  [0m] Started LXD - container startup/shutdown.
[[0;32m  OK  [0m] Started Permit User Sessions.
[[0;32m  OK  [0m] Started Login Service.
[[0;32m  OK  [0m] Started Unattended Upgrades Shutdown.
         Starting Authorization Manager...
         Starting Terminate Plymouth Boot Screen...
         Starting Hold until boot process finishes up...
[[0;32m  OK  [0m] Started Hold until boot process finishes up.
[[0;32m  OK  [0m] Started Terminate Plymouth Boot Screen.
[[0;32m  OK  [0m] Started LSB: automatic crash report generation.
         Starting Set console scheme...
[[0;32m  OK  [0m] Started Serial Getty on ttyS0.
[[0;32m  OK  [0m] Started Set console scheme.
[[0;32m  OK  [0m] Created slice system-getty.slice.
[[0;32m  OK  [0m] Started Getty on tty1.
[[0;32m  OK  [0m] Reached target Login Prompts.
[[0;32m  OK  [0m] Started LSB: Record successful boot for GRUB.
[[0;32m  OK  [0m] Started Authorization Manager.
[[0;32m  OK  [0m] Started Accounts Service.
[[0;32m  OK  [0m] Started Virtualbox guest utils.
[[0;32m  OK  [0m] Started Dispatcher daemon for systemd-networkd.
[[0;32m  OK  [0m] Started Snappy daemon.
         Starting Wait until snapd is fully seeded...
[[0;32m  OK  [0m] Started Pollinate to seed the pseudo random number generator.
         Starting OpenBSD Secure Shell server...
[[0;32m  OK  [0m] Started OpenBSD Secure Shell server.
[[0;32m  OK  [0m] Created slice User Slice of vagrant.
         Starting User Manager for UID 1000...
[[0;32m  OK  [0m] Started Session 1 of user vagrant.
[[0;32m  OK  [0m] Started User Manager for UID 1000.
[[0;32m  OK  [0m] Started Wait until snapd is fully seeded.
[[0;32m  OK  [0m] Reached target Multi-User System.
[[0;32m  OK  [0m] Reached target Graphical Interface.
         Starting Update UTMP about System Runlevel Changes...
         Starting Apply the settings specified in cloud-config...
[[0;32m  OK  [0m] Started Update UTMP about System Runlevel Changes.
[   30.451855] cloud-init[1723]: Cloud-init v. 18.5-45-g3554ffe8-0ubuntu1~18.04.1 running 'modules:config' at Thu, 18 Apr 2019 07:41:40 +0000. Up 30.00 seconds.
         Stopping User Manager for UID 1000...
[[0;32m  OK  [0m] Stopped User Manager for UID 1000.
[[0;32m  OK  [0m] Removed slice User Slice of vagrant.
[[0;32m  OK  [0m] Started Apply the settings specified in cloud-config.
         Starting Execute cloud user/final scripts...
[[0;32m  OK  [0m] Created slice User Slice of vagrant.
         Starting User Manager for UID 1000...
[[0;32m  OK  [0m] Started Session 3 of user vagrant.
[[0;32m  OK  [0m] Started User Manager for UID 1000.
ci-info: no authorized ssh keys fingerprints found for user ubuntu.
<14>Apr 18 07:41:41 ec2: 
<14>Apr 18 07:41:41 ec2: #############################################################
<14>Apr 18 07:41:41 ec2: -----BEGIN SSH HOST KEY FINGERPRINTS-----
<14>Apr 18 07:41:41 ec2: 1024 SHA256:5ki+zXgzQV89FfJmj8ElZt6HGbl8kVKjJlV/vDZ5Yc0 root@ubuntu-bionic (DSA)
<14>Apr 18 07:41:41 ec2: 256 SHA256:K2Ql8SouHQbf1AZMzX7Sm1rln3rCkGMPe46cZgmS0wo root@ubuntu-bionic (ECDSA)
<14>Apr 18 07:41:41 ec2: 256 SHA256:2aLyWVFlPaF21wgcak7lkzLEFjiNN44KLD9T+uf/fqA root@ubuntu-bionic (ED25519)
<14>Apr 18 07:41:41 ec2: 2048 SHA256:pfHi7zyjy8QV7PM8eXfb0AoftVznc75HioFkkt6Myh4 root@ubuntu-bionic (RSA)
<14>Apr 18 07:41:41 ec2: -----END SSH HOST KEY FINGERPRINTS-----
<14>Apr 18 07:41:41 ec2: #############################################################
-----BEGIN SSH HOST KEY KEYS-----
ecdsa-sha2-nistp256 AAAAE2VjZHNhLXNoYTItbmlzdHAyNTYAAAAIbmlzdHAyNTYAAABBBK0/JCre185TJFv7/h4roGbk8a8jEbr83T/sceH4psD6wU+5Rfg7E36exEbsL3VDItH4LIXdeJ9AQNc8O1CO4Aw= root@ubuntu-bionic
ssh-ed25519 AAAAC3NzaC1lZDI1NTE5AAAAIJ9W1Jxu9LFJfQQmiioUmctEpUb9NjiDQzwrvn7BTmjF root@ubuntu-bionic
ssh-rsa AAAAB3NzaC1yc2EAAAADAQABAAABAQDHYNs2cG7NjVWkwjkYRqdw/IFqVU35B8U8u0uRiisFnTCPnFf2fWsX0WxZp4T1WbGuTSeYg1vfjXAwA5YvbhY1BbfWGZJlHKlkGrzXaEKlTwZ5Fa/NOLRxeRCPX1le4npo46G53SwjdNCTTnxl4cDQJNPCSuzwjoOkOyIKAqj8cfl/4dmiBe+28OhW6kjvEJ9FpL207QtElMGc3qmdf6JfQR0HyLHAQePr9XJ4v490pMKudlvr2cixd9QK+Vsk0Zi1Li1cyRICSjqOVoIMFAgNJjStyQwqT5NFatWpfoP/eYpv1P6vfiGAjiyAM/GUjPADDiHhwgGhdxXPHsgjm8gN root@ubuntu-bionic
-----END SSH HOST KEY KEYS-----
[   31.484400] cloud-init[1858]: Cloud-init v. 18.5-45-g3554ffe8-0ubuntu1~18.04.1 running 'modules:final' at Thu, 18 Apr 2019 07:41:41 +0000. Up 30.99 seconds.
[   31.485919] cloud-init[1858]: ci-info: no authorized ssh keys fingerprints found for user ubuntu.
[   31.485971] cloud-init[1858]: Cloud-init v. 18.5-45-g3554ffe8-0ubuntu1~18.04.1 finished at Thu, 18 Apr 2019 07:41:42 +0000. Datasource DataSourceNoCloud [seed=/dev/sdb][dsmode=net].  Up 31.45 seconds

Ubuntu 18.04.2 LTS ubuntu-bionic ttyS0

ubuntu-bionic login: 